0 info it worked if it ends with ok
1 verbose cli [ '/usr/bin/node',
1 verbose cli   '/usr/bin/npm',
1 verbose cli   'install',
1 verbose cli   'express-generator',
1 verbose cli   '-g' ]
2 info using npm@6.4.1
3 info using node@v8.12.0
4 verbose npm-session 28c8561c10a03613
5 silly install loadCurrentTree
6 silly install readGlobalPackageData
7 http fetch GET 200 https://registry.npmjs.org/express-generator 359ms
8 silly pacote tag manifest for express-generator@latest fetched in 384ms
9 timing stage:loadCurrentTree Completed in 600ms
10 silly install loadIdealTree
11 silly install cloneCurrentTreeToIdealTree
12 timing stage:loadIdealTree:cloneCurrentTree Completed in 0ms
13 silly install loadShrinkwrap
14 timing stage:loadIdealTree:loadShrinkwrap Completed in 2ms
15 silly install loadAllDepsIntoIdealTree
16 silly resolveWithNewModule express-generator@4.16.0 checking installable status
17 http fetch GET 200 https://registry.npmjs.org/commander 106ms
18 http fetch GET 200 https://registry.npmjs.org/sorted-object 204ms
19 http fetch GET 200 https://registry.npmjs.org/mkdirp 207ms
20 http fetch GET 200 https://registry.npmjs.org/minimatch 210ms
21 http fetch GET 200 https://registry.npmjs.org/commander/-/commander-2.13.0.tgz 101ms
22 http fetch GET 200 https://registry.npmjs.org/ejs 222ms
23 silly pacote version manifest for sorted-object@2.0.1 fetched in 227ms
24 silly resolveWithNewModule sorted-object@2.0.1 checking installable status
25 silly pacote version manifest for commander@2.13.0 fetched in 232ms
26 silly resolveWithNewModule commander@2.13.0 checking installable status
27 silly pacote version manifest for minimatch@3.0.4 fetched in 230ms
28 silly resolveWithNewModule minimatch@3.0.4 checking installable status
29 silly pacote version manifest for ejs@2.5.7 fetched in 232ms
30 silly resolveWithNewModule ejs@2.5.7 checking installable status
31 http fetch GET 200 https://registry.npmjs.org/mkdirp/-/mkdirp-0.5.1.tgz 75ms
32 silly pacote version manifest for mkdirp@0.5.1 fetched in 288ms
33 silly resolveWithNewModule mkdirp@0.5.1 checking installable status
34 http fetch GET 200 https://registry.npmjs.org/brace-expansion 68ms
35 silly pacote range manifest for brace-expansion@^1.1.7 fetched in 73ms
36 silly resolveWithNewModule brace-expansion@1.1.11 checking installable status
37 http fetch GET 200 https://registry.npmjs.org/balanced-match 64ms
38 silly pacote range manifest for balanced-match@^1.0.0 fetched in 68ms
39 silly resolveWithNewModule balanced-match@1.0.0 checking installable status
40 http fetch GET 200 https://registry.npmjs.org/concat-map 73ms
41 silly pacote version manifest for concat-map@0.0.1 fetched in 76ms
42 silly resolveWithNewModule concat-map@0.0.1 checking installable status
43 http fetch GET 200 https://registry.npmjs.org/minimist 72ms
44 http fetch GET 200 https://registry.npmjs.org/minimist/-/minimist-0.0.8.tgz 71ms
45 silly pacote version manifest for minimist@0.0.8 fetched in 148ms
46 silly resolveWithNewModule minimist@0.0.8 checking installable status
47 timing stage:loadIdealTree:loadAllDepsIntoIdealTree Completed in 614ms
48 timing stage:loadIdealTree Completed in 623ms
49 silly currentTree lib
50 silly idealTree lib
50 silly idealTree └─┬ express-generator@4.16.0
50 silly idealTree   ├── balanced-match@1.0.0
50 silly idealTree   ├── brace-expansion@1.1.11
50 silly idealTree   ├── commander@2.13.0
50 silly idealTree   ├── concat-map@0.0.1
50 silly idealTree   ├── ejs@2.5.7
50 silly idealTree   ├── minimatch@3.0.4
50 silly idealTree   ├── minimist@0.0.8
50 silly idealTree   ├── mkdirp@0.5.1
50 silly idealTree   └── sorted-object@2.0.1
51 silly install generateActionsToTake
52 warn checkPermissions Missing write access to /usr/lib/node_modules
53 timing stage:rollbackFailedOptional Completed in 0ms
54 timing stage:runTopLevelLifecycles Completed in 1235ms
55 verbose stack Error: EACCES: permission denied, access '/usr/lib/node_modules'
56 verbose cwd /home/nhso
57 verbose Linux 4.4.0-139-generic
58 verbose argv "/usr/bin/node" "/usr/bin/npm" "install" "express-generator" "-g"
59 verbose node v8.12.0
60 verbose npm  v6.4.1
61 error path /usr/lib/node_modules
62 error code EACCES
63 error errno -13
64 error syscall access
65 error Error: EACCES: permission denied, access '/usr/lib/node_modules'
65 error  { Error: EACCES: permission denied, access '/usr/lib/node_modules'
65 error   stack: 'Error: EACCES: permission denied, access \'/usr/lib/node_modules\'',
65 error   errno: -13,
65 error   code: 'EACCES',
65 error   syscall: 'access',
65 error   path: '/usr/lib/node_modules' }
66 error The operation was rejected by your operating system.
66 error It is likely you do not have the permissions to access this file as the current user
66 error
66 error If you believe this might be a permissions issue, please double-check the
66 error permissions of the file and its containing directories, or try running
66 error the command again as root/Administrator (though this is not recommended).
67 verbose exit [ -13, true ]
